<?xml version="1.0" encoding="UTF-8"?>
<!-- Generated by org.testng.reporters.JUnitReportReporter -->
<testsuite hostname="DESKTOP-74HC54P" failures="0" tests="3" name="Practices.TestNG" time="0.015" errors="0" timestamp="2023-12-03T04:08:26 PST" skipped="1">
  <testcase classname="Practices.TestNG" name="modifyproduct" time="0.008"/>
  <testcase classname="Practices.TestNG" name="createProduct" time="0.007"/>
  <testcase classname="Practices.TestNG" name="deleteProduct">
    <skipped/>
  </testcase> <!-- deleteProduct -->
</testsuite> <!-- Practices.TestNG -->
