<?xml version="1.0" encoding="UTF-8"?>
<!-- Generated by org.testng.reporters.JUnitReportReporter -->
<testsuite hostname="DESKTOP-74HC54P" failures="0" tests="1" name="Campaign.CreateCampaign" time="47.653" errors="0" timestamp="2023-12-07T21:28:03 PST" skipped="0">
  <testcase classname="Campaign.CreateCampaign" name="CreateCampaign" time="47.653"/>
</testsuite> <!-- Campaign.CreateCampaign -->
