<?xml version="1.0" encoding="UTF-8"?>
<!-- Generated by org.testng.reporters.JUnitReportReporter -->
<testsuite hostname="DESKTOP-74HC54P" failures="0" tests="1" name="product.ProdctLinks" time="61.148" errors="0" timestamp="2023-11-28T21:42:14 PST" skipped="0">
  <testcase classname="product.ProdctLinks" name="ProdctLinks" time="61.148"/>
</testsuite> <!-- product.ProdctLinks -->
