<?xml version="1.0" encoding="UTF-8"?>
<!-- Generated by org.testng.reporters.JUnitReportReporter -->
<testsuite hostname="DESKTOP-74HC54P" failures="0" tests="1" name="Practices.SoftAssert" time="0.016" errors="0" timestamp="2023-12-04T23:00:07 PST" skipped="0">
  <testcase classname="Practices.SoftAssert" name="m1" time="0.016"/>
</testsuite> <!-- Practices.SoftAssert -->
