<?xml version="1.0" encoding="UTF-8"?>
<!-- Generated by org.testng.reporters.JUnitReportReporter -->
<testsuite hostname="DESKTOP-74HC54P" failures="0" tests="2" name="Practices.DataProvider1" time="0.024" errors="0" timestamp="2023-11-29T21:59:02 PST" skipped="0">
  <testcase classname="Practices.DataProvider1" name="booktickets" time="0.004"/>
  <testcase classname="Practices.DataProvider1" name="booktickets" time="0.020"/>
</testsuite> <!-- Practices.DataProvider1 -->
